#-----------------------------------------------------------
# Vivado v2018.3 (64-bit)
# SW Build 2405991 on Thu Dec  6 23:38:27 MST 2018
# IP Build 2404404 on Fri Dec  7 01:43:56 MST 2018
# Start of session at: Wed Jul 29 12:43:17 2020
# Process ID: 109588
# Current directory: C:/Users/Administrator/Digital_modulation
# Command line: vivado.exe -gui_launcher_event rodinguilauncherevent111344 C:\Users\Administrator\Digital_modulation\Digital_modulation.xpr
# Log file: C:/Users/Administrator/Digital_modulation/vivado.log
# Journal file: C:/Users/Administrator/Digital_modulation\vivado.jou
#-----------------------------------------------------------
start_gui
open_project C:/Users/Administrator/Digital_modulation/Digital_modulation.xpr
Scanning sources...
Finished scanning sources
INFO: [IP_Flow 19-234] Refreshing IP repositories
INFO: [IP_Flow 19-1704] No user IP repositories specified
INFO: [IP_Flow 19-2313] Loaded Vivado IP repository 'D:/xilinx/Vivado/2018.3/data/ip'.
open_project: Time (s): cpu = 00:00:20 ; elapsed = 00:00:11 . Memory (MB): peak = 765.086 ; gain = 159.945
update_compile_order -fileset sources_1
reset_run synth_1
launch_runs synth_1 -jobs 4
[Wed Jul 29 12:44:32 2020] Launched synth_1...
Run output will be captured here: C:/Users/Administrator/Digital_modulation/Digital_modulation.runs/synth_1/runme.log
launch_runs impl_1 -jobs 4
[Wed Jul 29 12:45:39 2020] Launched impl_1...
Run output will be captured here: C:/Users/Administrator/Digital_modulation/Digital_modulation.runs/impl_1/runme.log
launch_runs impl_1 -to_step write_bitstream -jobs 4
[Wed Jul 29 12:47:48 2020] Launched impl_1...
Run output will be captured here: C:/Users/Administrator/Digital_modulation/Digital_modulation.runs/impl_1/runme.log
exit
INFO: [Common 17-206] Exiting Vivado at Wed Jul 29 12:49:09 2020...
